<?xml version="1.0" encoding="UTF-8"?>
<!-- Generated by org.testng.reporters.JUnitXMLReporter -->
<testsuite hostname="DESKTOP-27L8JE7" ignored="0" name="AutomationTest" tests="4" failures="0" timestamp="12 Aug 2020 04:49:41 GMT" time="59.877" errors="0">
  <testcase name="RadioButtonTest" time="4.173" classname="com.selenium.MavenProject_August9_30AMBatch.RadioButton1"/>
  <testcase name="amazon" time="9.325" classname="com.selenium.MavenProject_August9_30AMBatch.TestNG002"/>
  <testcase name="linktesting1" time="2.023" classname="com.selenium.MavenProject_August9_30AMBatch.LinksTesting1"/>
  <testcase name="checkboxTest" time="0.377" classname="com.selenium.MavenProject_August9_30AMBatch.CheckBox1"/>
</testsuite> <!-- AutomationTest -->
