<?xml version="1.0" encoding="UTF-8"?>
<!-- Generated by org.testng.reporters.JUnitXMLReporter -->
<testsuite hostname="DESKTOP-27L8JE7" ignored="1" name="Default test" tests="2" failures="0" timestamp="11 Aug 2020 05:01:43 GMT" time="0.083" errors="0">
  <testcase name="f" time="0.01" classname="com.selenium.MavenProject_August9_30AMBatch.TestNG001"/>
  <testcase name="a" time="0.004" classname="com.selenium.MavenProject_August9_30AMBatch.TestNG001"/>
  <testcase name="z" time="0.0" classname="com.selenium.MavenProject_August9_30AMBatch.TestNG001">
    <ignored/>
  </testcase> <!-- z -->
</testsuite> <!-- Default test -->
