<?xml version="1.0" encoding="UTF-8"?>
<testng-results skipped="2" failed="0" ignored="0" total="4" passed="2">
  <reporter-output>
  </reporter-output>
  <suite name="Default suite" duration-ms="140" started-at="2020-08-18T04:42:04Z" finished-at="2020-08-18T04:42:04Z">
    <groups>
    </groups>
    <test name="Default test" duration-ms="140" started-at="2020-08-18T04:42:04Z" finished-at="2020-08-18T04:42:04Z">
      <class name="com.selenium.MavenProject_August9_30AMBatch.TestDependency">
        <test-method status="PASS" signature="orange()[pri:1, instance:com.selenium.MavenProject_August9_30AMBatch.TestDependency@5ef60048]" name="orange" duration-ms="21" started-at="2020-08-18T04:42:04Z" finished-at="2020-08-18T04:42:04Z">
          <reporter-output>
          </reporter-output>
        </test-method> <!-- orange -->
        <test-method status="PASS" signature="white()[pri:2, instance:com.selenium.MavenProject_August9_30AMBatch.TestDependency@5ef60048]" name="white" duration-ms="2" started-at="2020-08-18T04:42:04Z" depends-on-methods="com.selenium.MavenProject_August9_30AMBatch.TestDependency.orange" finished-at="2020-08-18T04:42:04Z">
          <reporter-output>
          </reporter-output>
        </test-method> <!-- white -->
        <test-method status="SKIP" signature="blue()[pri:3, instance:com.selenium.MavenProject_August9_30AMBatch.TestDependency@5ef60048]" name="blue" duration-ms="6" started-at="2020-08-18T04:42:04Z" depends-on-methods="com.selenium.MavenProject_August9_30AMBatch.TestDependency.white" finished-at="2020-08-18T04:42:04Z">
          <exception class="org.testng.SkipException">
            <message>
              <![CDATA[Blue test is skipped....]]>
            </message>
            <full-stacktrace>
              <![CDATA[org.testng.SkipException: Blue test is skipped....
at com.selenium.MavenProject_August9_30AMBatch.TestDependency.blue(TestDependency.java:27)
at sun.reflect.NativeMethodAccessorImpl.invoke0(Native Method)
at sun.reflect.NativeMethodAccessorImpl.invoke(Unknown Source)
at sun.reflect.DelegatingMethodAccessorImpl.invoke(Unknown Source)
at java.lang.reflect.Method.invoke(Unknown Source)
at org.testng.internal.MethodInvocationHelper.invokeMethod(MethodInvocationHelper.java:124)
at org.testng.internal.Invoker.invokeMethod(Invoker.java:583)
at org.testng.internal.Invoker.invokeTestMethod(Invoker.java:719)
at org.testng.internal.Invoker.invokeTestMethods(Invoker.java:989)
at org.testng.internal.TestMethodWorker.invokeTestMethods(TestMethodWorker.java:125)
at org.testng.internal.TestMethodWorker.run(TestMethodWorker.java:109)
at org.testng.TestRunner.privateRun(TestRunner.java:648)
at org.testng.TestRunner.run(TestRunner.java:505)
at org.testng.SuiteRunner.runTest(SuiteRunner.java:455)
at org.testng.SuiteRunner.runSequentially(SuiteRunner.java:450)
at org.testng.SuiteRunner.privateRun(SuiteRunner.java:415)
at org.testng.SuiteRunner.run(SuiteRunner.java:364)
at org.testng.SuiteRunnerWorker.runSuite(SuiteRunnerWorker.java:52)
at org.testng.SuiteRunnerWorker.run(SuiteRunnerWorker.java:84)
at org.testng.TestNG.runSuitesSequentially(TestNG.java:1208)
at org.testng.TestNG.runSuitesLocally(TestNG.java:1137)
at org.testng.TestNG.runSuites(TestNG.java:1049)
at org.testng.TestNG.run(TestNG.java:1017)
at org.testng.remote.AbstractRemoteTestNG.run(AbstractRemoteTestNG.java:115)
at org.testng.remote.RemoteTestNG.initAndRun(RemoteTestNG.java:251)
at org.testng.remote.RemoteTestNG.main(RemoteTestNG.java:77)
]]>
            </full-stacktrace>
          </exception> <!-- org.testng.SkipException -->
          <reporter-output>
          </reporter-output>
        </test-method> <!-- blue -->
        <test-method status="SKIP" signature="green()[pri:4, instance:com.selenium.MavenProject_August9_30AMBatch.TestDependency@5ef60048]" name="green" duration-ms="0" started-at="2020-08-18T04:42:04Z" depends-on-methods="com.selenium.MavenProject_August9_30AMBatch.TestDependency.blue" finished-at="2020-08-18T04:42:04Z">
          <exception class="java.lang.Throwable">
            <message>
              <![CDATA[Method TestDependency.green()[pri:4, instance:com.selenium.MavenProject_August9_30AMBatch.TestDependency@5ef60048] depends on not successfully finished methods]]>
            </message>
            <full-stacktrace>
              <![CDATA[java.lang.Throwable: Method TestDependency.green()[pri:4, instance:com.selenium.MavenProject_August9_30AMBatch.TestDependency@5ef60048] depends on not successfully finished methods
at org.testng.internal.Invoker.invokeTestMethods(Invoker.java:888)
at org.testng.internal.TestMethodWorker.invokeTestMethods(TestMethodWorker.java:125)
at org.testng.internal.TestMethodWorker.run(TestMethodWorker.java:109)
at org.testng.TestRunner.privateRun(TestRunner.java:648)
at org.testng.TestRunner.run(TestRunner.java:505)
at org.testng.SuiteRunner.runTest(SuiteRunner.java:455)
at org.testng.SuiteRunner.runSequentially(SuiteRunner.java:450)
at org.testng.SuiteRunner.privateRun(SuiteRunner.java:415)
at org.testng.SuiteRunner.run(SuiteRunner.java:364)
at org.testng.SuiteRunnerWorker.runSuite(SuiteRunnerWorker.java:52)
at org.testng.SuiteRunnerWorker.run(SuiteRunnerWorker.java:84)
at org.testng.TestNG.runSuitesSequentially(TestNG.java:1208)
at org.testng.TestNG.runSuitesLocally(TestNG.java:1137)
at org.testng.TestNG.runSuites(TestNG.java:1049)
at org.testng.TestNG.run(TestNG.java:1017)
at org.testng.remote.AbstractRemoteTestNG.run(AbstractRemoteTestNG.java:115)
at org.testng.remote.RemoteTestNG.initAndRun(RemoteTestNG.java:251)
at org.testng.remote.RemoteTestNG.main(RemoteTestNG.java:77)
]]>
            </full-stacktrace>
          </exception> <!-- java.lang.Throwable -->
          <reporter-output>
          </reporter-output>
        </test-method> <!-- green -->
      </class> <!-- com.selenium.MavenProject_August9_30AMBatch.TestDependency -->
    </test> <!-- Default test -->
  </suite> <!-- Default suite -->
</testng-results>
