<?xml version="1.0" encoding="UTF-8"?>
<!-- Generated by org.testng.reporters.JUnitXMLReporter -->
<testsuite hostname="DESKTOP-27L8JE7" ignored="0" name="Default test" tests="3" failures="0" timestamp="07 Oct 2020 04:43:55 GMT" time="1.924" errors="0">
  <testcase name="f" time="0.033" classname="com.project.September9AMProject.SuiteA.LoginTest"/>
  <testcase name="f" time="0.009" classname="com.project.September9AMProject.SuiteA.LoginTest">
    <skipped/>
  </testcase> <!-- f -->
  <testcase name="f" time="0.007" classname="com.project.September9AMProject.SuiteA.LoginTest">
    <skipped/>
  </testcase> <!-- f -->
</testsuite> <!-- Default test -->
